Release 14.7 - xst P.20131013 (nt64)
Copyright (c) 1995-2013 Xilinx, Inc.  All rights reserved.
--> Parameter TMPDIR set to xst/projnav.tmp


Total REAL time to Xst completion: 0.00 secs
Total CPU time to Xst completion: 0.10 secs
 
--> Parameter xsthdpdir set to xst


Total REAL time to Xst completion: 0.00 secs
Total CPU time to Xst completion: 0.10 secs
 
--> Reading design: debounce_counter.prj

TABLE OF CONTENTS
  1) Synthesis Options Summary
  2) HDL Compilation
  3) Design Hierarchy Analysis
  4) HDL Analysis
  5) HDL Synthesis
     5.1) HDL Synthesis Report
  6) Advanced HDL Synthesis
     6.1) Advanced HDL Synthesis Report
  7) Low Level Synthesis
  8) Partition Report
  9) Final Report
	9.1) Device utilization summary
	9.2) Partition Resource Summary
	9.3) TIMING REPORT


=========================================================================
*                      Synthesis Options Summary                        *
=========================================================================
---- Source Parameters
Input File Name                    : "debounce_counter.prj"
Input Format                       : mixed
Ignore Synthesis Constraint File   : NO

---- Target Parameters
Output File Name                   : "debounce_counter"
Output Format                      : NGC
Target Device                      : xc3s50a-4-tq144

---- Source Options
Top Module Name                    : debounce_counter
Automatic FSM Extraction           : YES
FSM Encoding Algorithm             : Auto
Safe Implementation                : No
FSM Style                          : LUT
RAM Extraction                     : Yes
RAM Style                          : Auto
ROM Extraction                     : Yes
Mux Style                          : Auto
Decoder Extraction                 : YES
Priority Encoder Extraction        : Yes
Shift Register Extraction          : YES
Logical Shifter Extraction         : YES
XOR Collapsing                     : YES
ROM Style                          : Auto
Mux Extraction                     : Yes
Resource Sharing                   : YES
Asynchronous To Synchronous        : NO
Multiplier Style                   : Auto
Automatic Register Balancing       : No

---- Target Options
Add IO Buffers                     : YES
Global Maximum Fanout              : 500
Add Generic Clock Buffer(BUFG)     : 24
Register Duplication               : YES
Slice Packing                      : YES
Optimize Instantiated Primitives   : NO
Use Clock Enable                   : Yes
Use Synchronous Set                : Yes
Use Synchronous Reset              : Yes
Pack IO Registers into IOBs        : Auto
Equivalent register Removal        : YES

---- General Options
Optimization Goal                  : Speed
Optimization Effort                : 1
Keep Hierarchy                     : No
Netlist Hierarchy                  : As_Optimized
RTL Output                         : Yes
Global Optimization                : AllClockNets
Read Cores                         : YES
Write Timing Constraints           : NO
Cross Clock Analysis               : NO
Hierarchy Separator                : /
Bus Delimiter                      : <>
Case Specifier                     : Maintain
Slice Utilization Ratio            : 100
BRAM Utilization Ratio             : 100
Verilog 2001                       : YES
Auto BRAM Packing                  : NO
Slice Utilization Ratio Delta      : 5

=========================================================================


=========================================================================
*                          HDL Compilation                              *
=========================================================================
Compiling vhdl file "C:/Users/Raman/Documents/Kickstarter_FPGA/debounce_counter/debounce_ckt.vhd" in Library work.
Architecture behavioral of Entity debounce_ckt is up to date.
Compiling vhdl file "C:/Users/Raman/Documents/Kickstarter_FPGA/debounce_counter/debounce_counter.vhd" in Library work.
Entity <debounce_counter> compiled.
Entity <debounce_counter> (Architecture <behavioral>) compiled.

=========================================================================
*                     Design Hierarchy Analysis                         *
=========================================================================
Analyzing hierarchy for entity <debounce_counter> in library <work> (architecture <behavioral>).

Analyzing hierarchy for entity <debounce_ckt> in library <work> (architecture <Behavioral>).


=========================================================================
*                            HDL Analysis                               *
=========================================================================
Analyzing Entity <debounce_counter> in library <work> (Architecture <behavioral>).
INFO:Xst:1561 - "C:/Users/Raman/Documents/Kickstarter_FPGA/debounce_counter/debounce_counter.vhd" line 127: Mux is complete : default of case is discarded
Entity <debounce_counter> analyzed. Unit <debounce_counter> generated.

Analyzing Entity <debounce_ckt> in library <work> (Architecture <Behavioral>).
Entity <debounce_ckt> analyzed. Unit <debounce_ckt> generated.


=========================================================================
*                           HDL Synthesis                               *
=========================================================================

Performing bidirectional port resolution...

Synthesizing Unit <debounce_ckt>.
    Related source file is "C:/Users/Raman/Documents/Kickstarter_FPGA/debounce_counter/debounce_ckt.vhd".
    Found finite state machine <FSM_0> for signal <state_reg>.
    -----------------------------------------------------------------------
    | States             | 8                                              |
    | Transitions        | 22                                             |
    | Inputs             | 2                                              |
    | Outputs            | 1                                              |
    | Clock              | clk                       (rising_edge)        |
    | Power Up State     | zero                                           |
    | Encoding           | automatic                                      |
    | Implementation     | LUT                                            |
    -----------------------------------------------------------------------
    Found 10-bit up counter for signal <q_reg>.
    Summary:
	inferred   1 Finite State Machine(s).
	inferred   1 Counter(s).
Unit <debounce_ckt> synthesized.


Synthesizing Unit <debounce_counter>.
    Related source file is "C:/Users/Raman/Documents/Kickstarter_FPGA/debounce_counter/debounce_counter.vhd".
    Found 8x8-bit ROM for signal <led>.
    Found 3-bit up counter for signal <counter>.
    Found 1-bit register for signal <state_reg<0>>.
    Summary:
	inferred   1 ROM(s).
	inferred   1 Counter(s).
	inferred   1 D-type flip-flop(s).
Unit <debounce_counter> synthesized.


=========================================================================
HDL Synthesis Report

Macro Statistics
# ROMs                                                 : 1
 8x8-bit ROM                                           : 1
# Counters                                             : 2
 10-bit up counter                                     : 1
 3-bit up counter                                      : 1
# Registers                                            : 1
 1-bit register                                        : 1

=========================================================================

=========================================================================
*                       Advanced HDL Synthesis                          *
=========================================================================

Analyzing FSM <FSM_0> for best encoding.
Optimizing FSM <db_unit/state_reg/FSM> on signal <state_reg[1:3]> with user encoding.
---------------------
 State   | Encoding
---------------------
 zero    | 000
 wait1_1 | 001
 wait1_2 | 010
 wait1_3 | 011
 one     | 100
 wait0_1 | 101
 wait0_2 | 110
 wait0_3 | 111
---------------------

=========================================================================
Advanced HDL Synthesis Report

Macro Statistics
# FSMs                                                 : 1
# ROMs                                                 : 1
 8x8-bit ROM                                           : 1
# Counters                                             : 2
 10-bit up counter                                     : 1
 3-bit up counter                                      : 1
# Registers                                            : 1
 Flip-Flops                                            : 1

=========================================================================

=========================================================================
*                         Low Level Synthesis                           *
=========================================================================

Optimizing unit <debounce_counter> ...

Mapping all equations...
Building and optimizing final netlist ...
Found area constraint ratio of 100 (+ 5) on block debounce_counter, actual ratio is 2.

Final Macro Processing ...

=========================================================================
Final Register Report

Macro Statistics
# Registers                                            : 17
 Flip-Flops                                            : 17

=========================================================================

=========================================================================
*                           Partition Report                            *
=========================================================================

Partition Implementation Status
-------------------------------

  No Partitions were found in this design.

-------------------------------

=========================================================================
*                            Final Report                               *
=========================================================================
Final Results
RTL Top Level Output File Name     : debounce_counter.ngr
Top Level Output File Name         : debounce_counter
Output Format                      : NGC
Optimization Goal                  : Speed
Keep Hierarchy                     : No

Design Statistics
# IOs                              : 12

Cell Usage :
# BELS                             : 52
#      GND                         : 1
#      INV                         : 2
#      LUT1                        : 9
#      LUT2                        : 3
#      LUT2_L                      : 1
#      LUT3                        : 10
#      LUT3_L                      : 1
#      LUT4                        : 4
#      LUT4_D                      : 1
#      MUXCY                       : 9
#      VCC                         : 1
#      XORCY                       : 10
# FlipFlops/Latches                : 17
#      FD                          : 13
#      FDE                         : 3
#      FDR                         : 1
# Clock Buffers                    : 1
#      BUFGP                       : 1
# IO Buffers                       : 11
#      IBUF                        : 1
#      OBUF                        : 10
=========================================================================

Device utilization summary:
---------------------------

Selected Device : 3s50atq144-4 

 Number of Slices:                       16  out of    704     2%  
 Number of Slice Flip Flops:             17  out of   1408     1%  
 Number of 4 input LUTs:                 31  out of   1408     2%  
 Number of IOs:                          12
 Number of bonded IOBs:                  12  out of    108    11%  
 Number of GCLKs:                         1  out of     24     4%  

---------------------------
Partition Resource Summary:
---------------------------

  No Partitions were found in this design.

---------------------------


=========================================================================
TIMING REPORT

NOTE: THESE TIMING NUMBERS ARE ONLY A SYNTHESIS ESTIMATE.
      FOR ACCURATE TIMING INFORMATION PLEASE REFER TO THE TRACE REPORT
      GENERATED AFTER PLACE-and-ROUTE.

Clock Information:
------------------
-----------------------------------+------------------------+-------+
Clock Signal                       | Clock buffer(FF name)  | Load  |
-----------------------------------+------------------------+-------+
clk                                | BUFGP                  | 17    |
-----------------------------------+------------------------+-------+

Asynchronous Control Signals Information:
----------------------------------------
No asynchronous control signals found in this design

Timing Summary:
---------------
Speed Grade: -4

   Minimum period: 4.279ns (Maximum Frequency: 233.699MHz)
   Minimum input arrival time before clock: 3.392ns
   Maximum output required time after clock: 7.255ns
   Maximum combinational path delay: No path found

Timing Detail:
--------------
All values displayed in nanoseconds (ns)

=========================================================================
Timing constraint: Default period analysis for Clock 'clk'
  Clock period: 4.279ns (frequency: 233.699MHz)
  Total number of paths / destination ports: 108 / 21
-------------------------------------------------------------------------
Delay:               4.279ns (Levels of Logic = 3)
  Source:            db_unit/q_reg_0 (FF)
  Destination:       db_unit/state_reg_FSM_FFd1 (FF)
  Source Clock:      clk rising
  Destination Clock: clk rising

  Data Path: db_unit/q_reg_0 to db_unit/state_reg_FSM_FFd1
                                Gate     Net
    Cell:in->out      fanout   Delay   Delay  Logical Name (Net Name)
    ----------------------------------------  ------------
     FD:C->Q               2   0.591   0.590  db_unit/q_reg_0 (db_unit/q_reg_0)
     LUT4:I0->O            1   0.648   0.452  db_unit/m_tick_cmp_eq000012 (db_unit/m_tick_cmp_eq000012)
     LUT4_D:I2->O          2   0.648   0.450  db_unit/m_tick_cmp_eq000039 (db_unit/m_tick)
     LUT4:I3->O            1   0.648   0.000  db_unit/state_reg_FSM_FFd1-In1 (db_unit/state_reg_FSM_FFd1-In)
     FD:D                      0.252          db_unit/state_reg_FSM_FFd1
    ----------------------------------------
    Total                      4.279ns (2.787ns logic, 1.492ns route)
                                       (65.1% logic, 34.9% route)

=========================================================================
Timing constraint: Default OFFSET IN BEFORE for Clock 'clk'
  Total number of paths / destination ports: 3 / 3
-------------------------------------------------------------------------
Offset:              3.392ns (Levels of Logic = 2)
  Source:            sw (PAD)
  Destination:       db_unit/state_reg_FSM_FFd3 (FF)
  Destination Clock: clk rising

  Data Path: sw to db_unit/state_reg_FSM_FFd3
                                Gate     Net
    Cell:in->out      fanout   Delay   Delay  Logical Name (Net Name)
    ----------------------------------------  ------------
     IBUF:I->O             3   0.849   0.611  sw_IBUF (sw_IBUF)
     LUT2:I1->O            1   0.643   0.420  db_unit/state_reg_FSM_FFd3-In_SW0 (N01)
     FDR:R                     0.869          db_unit/state_reg_FSM_FFd3
    ----------------------------------------
    Total                      3.392ns (2.361ns logic, 1.031ns route)
                                       (69.6% logic, 30.4% route)

=========================================================================
Timing constraint: Default OFFSET OUT AFTER for Clock 'clk'
  Total number of paths / destination ports: 27 / 10
-------------------------------------------------------------------------
Offset:              7.255ns (Levels of Logic = 2)
  Source:            counter_0 (FF)
  Destination:       led<5> (PAD)
  Source Clock:      clk rising

  Data Path: counter_0 to led<5>
                                Gate     Net
    Cell:in->out      fanout   Delay   Delay  Logical Name (Net Name)
    ----------------------------------------  ------------
     FDE:C->Q             11   0.591   1.076  counter_0 (counter_0)
     LUT3:I0->O            1   0.648   0.420  Mrom_led51 (led_5_OBUF)
     OBUF:I->O                 4.520          led_5_OBUF (led<5>)
    ----------------------------------------
    Total                      7.255ns (5.759ns logic, 1.496ns route)
                                       (79.4% logic, 20.6% route)

=========================================================================


Total REAL time to Xst completion: 5.00 secs
Total CPU time to Xst completion: 5.13 secs
 
--> 

Total memory usage is 254160 kilobytes

Number of errors   :    0 (   0 filtered)
Number of warnings :    0 (   0 filtered)
Number of infos    :    1 (   0 filtered)

